Build started 6/6/2012 10:37:35 AM.
     1>Project "D:\My Documents\Visual Studio 2010\Projects\(20111028)MRRKinect(Orignal)\MRRKinect(Orignal)\MRRKinect\MRRKinect.vcxproj" on node 2 (build target(s)).
     1>InitializeBuildStatus:
         Touching "Debug\MRRKinect.unsuccessfulbuild".
       ClCompile:
         All outputs are up-to-date.
         All outputs are up-to-date.
       ResourceCompile:
         All outputs are up-to-date.
       ManifestResourceCompile:
         All outputs are up-to-date.
       Link:
         e:\Common Softwares\Microsoft Visual Studio 10.0\VC\bin\link.exe /ERRORREPORT:PROMPT /OUT:"D:\My Documents\Visual Studio 2010\Projects\(20111028)MRRKinect(Orignal)\MRRKinect(Orignal)\Debug\MRRKinect.exe" /INCREMENTAL /NOLOGO OpenNI.lib opencv_core231d.lib opencv_highgui231d.lib opencv_imgproc231d.lib ws2_32.lib /MANIFEST /ManifestFile:"Debug\MRRKinect.exe.intermediate.manifest" /MANIFESTUAC:"level='asInvoker' uiAccess='false'" /DEBUG /PDB:"D:\My Documents\Visual Studio 2010\Projects\(20111028)MRRKinect(Orignal)\MRRKinect(Orignal)\Debug\MRRKinect.pdb" /SUBSYSTEM:WINDOWS /TLBID:1 /ENTRY:"wWinMainCRTStartup" /DYNAMICBASE /NXCOMPAT /IMPLIB:"D:\My Documents\Visual Studio 2010\Projects\(20111028)MRRKinect(Orignal)\MRRKinect(Orignal)\Debug\MRRKinect.lib" /MACHINE:X86 Debug\MRRKinect.res
         Debug\MRRKinect.exe.embed.manifest.res
         Debug\Background.obj
         Debug\Buffer.obj
         Debug\KinectSensorOpenNI.obj
         Debug\KinectSkeletonNUI.obj
         Debug\KSFrameDataSender.obj
         Debug\KSUtilsFilter.obj
         Debug\KalmanFilter.obj
         Debug\ImageProc.obj
         Debug\DIBDC.obj
         Debug\DrawWnd.obj
         Debug\KSElbowData.obj
         Debug\KSHandTrackData.obj
         Debug\KSHandTrackDataUsingMeanShift.obj
         Debug\ImgWnd.obj
         Debug\Kernel.obj
         Debug\KinectCalibration.obj
         Debug\KinectSensor.obj
         Debug\KinectSkeleton.obj
         Debug\KinectSkeletonOpenNI.obj
         Debug\ColorModel.obj
         Debug\KSArchivingData.obj
         Debug\KSFrameData.obj
         Debug\KSTorsoData.obj
         Debug\KSUtilsMAFilter.obj
         Debug\MRRKinect.obj
         Debug\MRRKinectDlg.obj
         Debug\MulticastClient.obj
         Debug\MulticastServer.obj
         Debug\stdafx.obj
       Manifest:
         e:\Program Files\Microsoft SDKs\Windows\v7.0A\bin\mt.exe /nologo /verbose /out:"Debug\MRRKinect.exe.embed.manifest" /manifest Debug\MRRKinect.exe.intermediate.manifest "e:\Common Softwares\Microsoft Visual Studio 10.0\VC\Include\Manifest\dpiaware.manifest"
         All outputs are up-to-date.
       LinkEmbedManifest:
         All outputs are up-to-date.
         MRRKinect.vcxproj -> D:\My Documents\Visual Studio 2010\Projects\(20111028)MRRKinect(Orignal)\MRRKinect(Orignal)\Debug\MRRKinect.exe
       FinalizeBuildStatus:
         Deleting file "Debug\MRRKinect.unsuccessfulbuild".
         Touching "Debug\MRRKinect.lastbuildstate".
     1>Done Building Project "D:\My Documents\Visual Studio 2010\Projects\(20111028)MRRKinect(Orignal)\MRRKinect(Orignal)\MRRKinect\MRRKinect.vcxproj" (build target(s)).

Build succeeded.

Time Elapsed 00:00:02.59
